Disk Report - Wed Oct 15 01:53:43 PM EDT 2025
Filesystem      Size  Used Avail Use% Mounted on
tmpfs           392M  1.6M  391M   1% /run
/dev/sda2        20G   11G  8.5G  55% /
tmpfs           2.0G     0  2.0G   0% /dev/shm
tmpfs           5.0M  8.0K  5.0M   1% /run/lock
tmpfs           392M  132K  392M   1% /run/user/1000
-----------------------
Disk Report - Wed Oct 15 02:05:01 PM EDT 2025
Filesystem      Size  Used Avail Use% Mounted on
tmpfs           392M  1.6M  391M   1% /run
/dev/sda2        20G   11G  8.5G  55% /
tmpfs           2.0G     0  2.0G   0% /dev/shm
tmpfs           5.0M  8.0K  5.0M   1% /run/lock
tmpfs           392M  132K  392M   1% /run/user/1000
-----------------------
Disk Report - Wed Oct 15 02:10:01 PM EDT 2025
Filesystem      Size  Used Avail Use% Mounted on
tmpfs           392M  1.6M  391M   1% /run
/dev/sda2        20G   11G  8.5G  55% /
tmpfs           2.0G     0  2.0G   0% /dev/shm
tmpfs           5.0M  8.0K  5.0M   1% /run/lock
tmpfs           392M  132K  392M   1% /run/user/1000
-----------------------
Disk Report - Wed Oct 15 02:15:01 PM EDT 2025
Filesystem      Size  Used Avail Use% Mounted on
tmpfs           392M  1.6M  391M   1% /run
/dev/sda2        20G   11G  8.5G  55% /
tmpfs           2.0G     0  2.0G   0% /dev/shm
tmpfs           5.0M  8.0K  5.0M   1% /run/lock
tmpfs           392M  132K  392M   1% /run/user/1000
-----------------------
Disk Report - Wed Oct 15 02:20:01 PM EDT 2025
Filesystem      Size  Used Avail Use% Mounted on
tmpfs           392M  1.6M  391M   1% /run
/dev/sda2        20G   11G  8.5G  55% /
tmpfs           2.0G     0  2.0G   0% /dev/shm
tmpfs           5.0M  8.0K  5.0M   1% /run/lock
tmpfs           392M  132K  392M   1% /run/user/1000
-----------------------
Disk Report - Wed Oct 15 02:25:01 PM EDT 2025
Filesystem      Size  Used Avail Use% Mounted on
tmpfs           392M  1.6M  391M   1% /run
/dev/sda2        20G   11G  8.5G  55% /
tmpfs           2.0G     0  2.0G   0% /dev/shm
tmpfs           5.0M  8.0K  5.0M   1% /run/lock
tmpfs           392M  132K  392M   1% /run/user/1000
-----------------------
Disk Report - Wed Oct 15 02:30:01 PM EDT 2025
Filesystem      Size  Used Avail Use% Mounted on
tmpfs           392M  1.6M  391M   1% /run
/dev/sda2        20G   11G  8.5G  55% /
tmpfs           2.0G     0  2.0G   0% /dev/shm
tmpfs           5.0M  8.0K  5.0M   1% /run/lock
tmpfs           392M  132K  392M   1% /run/user/1000
-----------------------
